0 info it worked if it ends with ok
1 verbose cli [ '/usr/local/Cellar/node/5.0.0/bin/node',
1 verbose cli   '/usr/local/bin/npm',
1 verbose cli   'run-script',
1 verbose cli   'watch' ]
2 info using npm@3.10.10
3 info using node@v6.10.0
4 verbose run-script [ 'prewatch', 'watch', 'postwatch' ]
5 info lifecycle bankapp@1.0.0~prewatch: bankapp@1.0.0
6 silly lifecycle bankapp@1.0.0~prewatch: no script for prewatch, continuing
7 info lifecycle bankapp@1.0.0~watch: bankapp@1.0.0
8 verbose lifecycle bankapp@1.0.0~watch: unsafe-perm in lifecycle true
9 verbose lifecycle bankapp@1.0.0~watch: PATH: /usr/local/lib/node_modules/npm/bin/node-gyp-bin:/Users/wumeilian/mydata/project/bankApp/node_modules/.bin:/usr/local/Cellar/node/5.0.0/bin:/usr/local/sbin:/usr/sbin:/usr/local/bin:/Users/wumeilian/bin:/usr/local/php5/bin:/usr/local/bin:/usr/bin:/bin:/usr/sbin:/sbin
10 verbose lifecycle bankapp@1.0.0~watch: CWD: /Users/wumeilian/mydata/project/bankApp
11 silly lifecycle bankapp@1.0.0~watch: Args: [ '-c', 'gulp clean && gulp watch' ]
12 silly lifecycle bankapp@1.0.0~watch: Returned: code: 1  signal: null
13 info lifecycle bankapp@1.0.0~watch: Failed to exec watch script
14 verbose stack Error: bankapp@1.0.0 watch: `gulp clean && gulp watch`
14 verbose stack Exit status 1
14 verbose stack     at EventEmitter.<anonymous> (/usr/local/lib/node_modules/npm/lib/utils/lifecycle.js:255:16)
14 verbose stack     at emitTwo (events.js:106:13)
14 verbose stack     at EventEmitter.emit (events.js:191:7)
14 verbose stack     at ChildProcess.<anonymous> (/usr/local/lib/node_modules/npm/lib/utils/spawn.js:40:14)
14 verbose stack     at emitTwo (events.js:106:13)
14 verbose stack     at ChildProcess.emit (events.js:191:7)
14 verbose stack     at maybeClose (internal/child_process.js:877:16)
14 verbose stack     at Process.ChildProcess._handle.onexit (internal/child_process.js:226:5)
15 verbose pkgid bankapp@1.0.0
16 verbose cwd /Users/wumeilian/mydata/project/bankApp
17 error Darwin 14.5.0
18 error argv "/usr/local/Cellar/node/5.0.0/bin/node" "/usr/local/bin/npm" "run-script" "watch"
19 error node v6.10.0
20 error npm  v3.10.10
21 error code ELIFECYCLE
22 error bankapp@1.0.0 watch: `gulp clean && gulp watch`
22 error Exit status 1
23 error Failed at the bankapp@1.0.0 watch script 'gulp clean && gulp watch'.
23 error Make sure you have the latest version of node.js and npm installed.
23 error If you do, this is most likely a problem with the bankapp package,
23 error not with npm itself.
23 error Tell the author that this fails on your system:
23 error     gulp clean && gulp watch
23 error You can get information on how to open an issue for this project with:
23 error     npm bugs bankapp
23 error Or if that isn't available, you can get their info via:
23 error     npm owner ls bankapp
23 error There is likely additional logging output above.
24 verbose exit [ 1, true ]
